[02-Sep-2024 03:19:48 UTC] PHP Warning:  Attempt to read property "ID" on null in D:\localsites\motaphoto\app\public\wp-includes\rest-api\endpoints\class-wp-rest-autosaves-controller.php on line 167
[02-Sep-2024 03:19:48 UTC] PHP Warning:  Attempt to read property "ID" on null in D:\localsites\motaphoto\app\public\wp-includes\rest-api\endpoints\class-wp-rest-autosaves-controller.php on line 167
[02-Sep-2024 09:57:06 UTC] PHP Fatal error:  Uncaught Error: Call to undefined function twenty_twenty_one_the_posts_navigation() in D:\localsites\motaphoto\app\public\wp-content\themes\motaphoto-child\index.php:36
Stack trace:
#0 D:\localsites\motaphoto\app\public\wp-includes\template-loader.php(106): include()
#1 D:\localsites\motaphoto\app\public\wp-blog-header.php(19): require_once('D:\\localsites\\m...')
#2 D:\localsites\motaphoto\app\public\index.php(17): require('D:\\localsites\\m...')
#3 {main}
  thrown in D:\localsites\motaphoto\app\public\wp-content\themes\motaphoto-child\index.php on line 36
[08-Sep-2024 06:02:14 UTC] PHP Parse error:  syntax error, unexpected token "=>", expecting ")" in D:\localsites\motaphoto\app\public\wp-content\themes\twentytwentyone-child\functions.php on line 13
[08-Sep-2024 06:02:14 UTC] PHP Warning:  Trying to access array offset on value of type bool in D:\localsites\motaphoto\app\public\wp-includes\class-wp-recovery-mode-email-service.php on line 367
[08-Sep-2024 06:02:14 UTC] PHP Warning:  Trying to access array offset on value of type bool in D:\localsites\motaphoto\app\public\wp-includes\class-wp-recovery-mode-email-service.php on line 368
[08-Sep-2024 06:04:15 UTC] PHP Parse error:  syntax error, unexpected token "=>", expecting ")" in D:\localsites\motaphoto\app\public\wp-content\themes\twentytwentyone-child\functions.php on line 13
[09-Sep-2024 10:52:12 UTC] PHP Parse error:  syntax error, unexpected end of file, expecting "elseif" or "else" or "endif" in D:\localsites\motaphoto\app\public\wp-content\themes\twentytwentyone-child\footer.php on line 107
[16-Sep-2024 13:22:43 UTC] PHP Fatal error:  Uncaught ArgumentCountError: Too few arguments to function twenty_twenty_one_get_icon_svg(), 1 passed in D:\localsites\motaphoto\app\public\wp-content\themes\twentytwentyone-child\header.php on line 47 and at least 2 expected in D:\localsites\motaphoto\app\public\wp-content\themes\twentytwentyone\inc\template-functions.php:198
Stack trace:
#0 D:\localsites\motaphoto\app\public\wp-content\themes\twentytwentyone-child\header.php(47): twenty_twenty_one_get_icon_svg('ui')
#1 D:\localsites\motaphoto\app\public\wp-includes\template.php(810): require_once('D:\\localsites\\m...')
#2 D:\localsites\motaphoto\app\public\wp-includes\template.php(745): load_template('D:\\localsites\\m...', true, Array)
#3 D:\localsites\motaphoto\app\public\wp-includes\general-template.php(48): locate_template(Array, true, true, Array)
#4 D:\localsites\motaphoto\app\public\wp-content\themes\twentytwentyone-child\index.php(17): get_header()
#5 D:\localsites\motaphoto\app\public\wp-includes\template-loader.php(106): include('D:\\localsites\\m...')
#6 D:\localsites\motaphoto\app\public\wp-blog-header.php(19): require_once('D:\\localsites\\m...')
#7 D:\localsites\motaphoto\app\public\index.php(17): require('D:\\localsites\\m...')
#8 {main}
  thrown in D:\localsites\motaphoto\app\public\wp-content\themes\twentytwentyone\inc\template-functions.php on line 198
[20-Sep-2024 15:02:06 UTC] PHP Fatal error:  Uncaught ValueError: Path cannot be empty in D:\localsites\motaphoto\app\public\wp-content\themes\twentytwentyone-child\footer.php:38
Stack trace:
#0 D:\localsites\motaphoto\app\public\wp-includes\template.php(810): require_once()
#1 D:\localsites\motaphoto\app\public\wp-includes\template.php(745): load_template('D:\\localsites\\m...', true, Array)
#2 D:\localsites\motaphoto\app\public\wp-includes\general-template.php(92): locate_template(Array, true, true, Array)
#3 D:\localsites\motaphoto\app\public\wp-content\themes\twentytwentyone-child\index.php(45): get_footer()
#4 D:\localsites\motaphoto\app\public\wp-includes\template-loader.php(106): include('D:\\localsites\\m...')
#5 D:\localsites\motaphoto\app\public\wp-blog-header.php(19): require_once('D:\\localsites\\m...')
#6 D:\localsites\motaphoto\app\public\index.php(17): require('D:\\localsites\\m...')
#7 {main}
  thrown in D:\localsites\motaphoto\app\public\wp-content\themes\twentytwentyone-child\footer.php on line 38
[23-Sep-2024 12:23:57 UTC] PHP Parse error:  syntax error, unexpected end of file, expecting "elseif" or "else" or "endif" in D:\localsites\motaphoto\app\public\wp-content\themes\twentytwentyone-child\header.php on line 71
[30-Sep-2024 05:15:01 UTC] PHP Parse error:  syntax error, unexpected single-quoted string "post_type", expecting ")" in D:\localsites\motaphoto\app\public\wp-content\themes\twentytwentyone-child\functions.php on line 27
[30-Sep-2024 05:15:01 UTC] PHP Parse error:  syntax error, unexpected single-quoted string "post_type", expecting ")" in D:\localsites\motaphoto\app\public\wp-content\themes\twentytwentyone-child\functions.php on line 27
[21-Oct-2024 07:50:26 UTC] PHP Fatal error:  Uncaught Error: Call to undefined function get_random_photo_background() in D:\localsites\motaphoto\app\public\wp-content\themes\twentytwentyone-child\front-page.php:13
Stack trace:
#0 D:\localsites\motaphoto\app\public\wp-includes\template-loader.php(106): include()
#1 D:\localsites\motaphoto\app\public\wp-blog-header.php(19): require_once('D:\\localsites\\m...')
#2 D:\localsites\motaphoto\app\public\index.php(17): require('D:\\localsites\\m...')
#3 {main}
  thrown in D:\localsites\motaphoto\app\public\wp-content\themes\twentytwentyone-child\front-page.php on line 13
[21-Oct-2024 07:52:41 UTC] PHP Fatal error:  Uncaught Error: Call to undefined function get_random_photo_background() in D:\localsites\motaphoto\app\public\wp-content\themes\twentytwentyone-child\front-page.php:13
Stack trace:
#0 D:\localsites\motaphoto\app\public\wp-includes\template-loader.php(106): include()
#1 D:\localsites\motaphoto\app\public\wp-blog-header.php(19): require_once('D:\\localsites\\m...')
#2 D:\localsites\motaphoto\app\public\index.php(17): require('D:\\localsites\\m...')
#3 {main}
  thrown in D:\localsites\motaphoto\app\public\wp-content\themes\twentytwentyone-child\front-page.php on line 13
[21-Oct-2024 07:53:13 UTC] PHP Fatal error:  Uncaught Error: Call to undefined function get_random_photo_background() in D:\localsites\motaphoto\app\public\wp-content\themes\twentytwentyone-child\front-page.php:13
Stack trace:
#0 D:\localsites\motaphoto\app\public\wp-includes\template-loader.php(106): include()
#1 D:\localsites\motaphoto\app\public\wp-blog-header.php(19): require_once('D:\\localsites\\m...')
#2 D:\localsites\motaphoto\app\public\index.php(17): require('D:\\localsites\\m...')
#3 {main}
  thrown in D:\localsites\motaphoto\app\public\wp-content\themes\twentytwentyone-child\front-page.php on line 13
[27-Oct-2024 08:50:51 UTC] PHP Fatal error:  Cannot redeclare load_more_photos() (previously declared in D:\localsites\motaphoto\app\public\wp-content\themes\twentytwentyone-child\functions.php:24) in D:\localsites\motaphoto\app\public\wp-content\themes\twentytwentyone-child\functions.php on line 116
[27-Oct-2024 08:50:53 UTC] PHP Warning:  Trying to access array offset on value of type bool in D:\localsites\motaphoto\app\public\wp-includes\class-wp-recovery-mode-email-service.php on line 367
[27-Oct-2024 08:50:53 UTC] PHP Warning:  Trying to access array offset on value of type bool in D:\localsites\motaphoto\app\public\wp-includes\class-wp-recovery-mode-email-service.php on line 368
[27-Oct-2024 08:52:04 UTC] PHP Fatal error:  Cannot redeclare load_more_photos() (previously declared in D:\localsites\motaphoto\app\public\wp-content\themes\twentytwentyone-child\functions.php:24) in D:\localsites\motaphoto\app\public\wp-content\themes\twentytwentyone-child\functions.php on line 116
[27-Oct-2024 08:52:26 UTC] PHP Fatal error:  Cannot redeclare load_more_photos() (previously declared in D:\localsites\motaphoto\app\public\wp-content\themes\twentytwentyone-child\functions.php:24) in D:\localsites\motaphoto\app\public\wp-content\themes\twentytwentyone-child\functions.php on line 116
[27-Oct-2024 08:52:26 UTC] PHP Fatal error:  Cannot redeclare load_more_photos() (previously declared in D:\localsites\motaphoto\app\public\wp-content\themes\twentytwentyone-child\functions.php:24) in D:\localsites\motaphoto\app\public\wp-content\themes\twentytwentyone-child\functions.php on line 116
[27-Oct-2024 08:53:00 UTC] PHP Fatal error:  Cannot redeclare load_more_photos() (previously declared in D:\localsites\motaphoto\app\public\wp-content\themes\twentytwentyone-child\functions.php:24) in D:\localsites\motaphoto\app\public\wp-content\themes\twentytwentyone-child\functions.php on line 116
[27-Oct-2024 09:09:13 UTC] PHP Fatal error:  Cannot redeclare theme_enqueue_styles() (previously declared in D:\localsites\motaphoto\app\public\wp-content\themes\twentytwentyone-child\functions.php:6) in D:\localsites\motaphoto\app\public\wp-content\themes\twentytwentyone-child\functions.php on line 35
[27-Oct-2024 09:22:29 UTC] PHP Fatal error:  Cannot redeclare load_more_photos() (previously declared in D:\localsites\motaphoto\app\public\wp-content\themes\twentytwentyone-child\functions.php:22) in D:\localsites\motaphoto\app\public\wp-content\themes\twentytwentyone-child\functions.php on line 65
[27-Oct-2024 09:22:29 UTC] PHP Fatal error:  Cannot redeclare load_more_photos() (previously declared in D:\localsites\motaphoto\app\public\wp-content\themes\twentytwentyone-child\functions.php:22) in D:\localsites\motaphoto\app\public\wp-content\themes\twentytwentyone-child\functions.php on line 65
[27-Oct-2024 09:22:29 UTC] PHP Fatal error:  Cannot redeclare load_more_photos() (previously declared in D:\localsites\motaphoto\app\public\wp-content\themes\twentytwentyone-child\functions.php:22) in D:\localsites\motaphoto\app\public\wp-content\themes\twentytwentyone-child\functions.php on line 65
[27-Oct-2024 09:29:32 UTC] PHP Fatal error:  Uncaught Error: Call to undefined function get_random_photo_background() in D:\localsites\motaphoto\app\public\wp-content\themes\twentytwentyone-child\front-page.php:9
Stack trace:
#0 D:\localsites\motaphoto\app\public\wp-includes\template-loader.php(106): include()
#1 D:\localsites\motaphoto\app\public\wp-blog-header.php(19): require_once('D:\\localsites\\m...')
#2 D:\localsites\motaphoto\app\public\index.php(17): require('D:\\localsites\\m...')
#3 {main}
  thrown in D:\localsites\motaphoto\app\public\wp-content\themes\twentytwentyone-child\front-page.php on line 9
[04-Nov-2024 09:07:41 UTC] PHP Parse error:  syntax error, unexpected token ")", expecting variable in D:\localsites\motaphoto\app\public\wp-content\themes\twentytwentyone-child\functions.php on line 178
[04-Nov-2024 09:07:41 UTC] PHP Warning:  Trying to access array offset on value of type bool in D:\localsites\motaphoto\app\public\wp-includes\class-wp-recovery-mode-email-service.php on line 367
[04-Nov-2024 09:07:41 UTC] PHP Warning:  Trying to access array offset on value of type bool in D:\localsites\motaphoto\app\public\wp-includes\class-wp-recovery-mode-email-service.php on line 368
[18-Nov-2024 07:47:42 UTC] PHP Warning:  Undefined variable $term in D:\localsites\motaphoto\app\public\wp-content\themes\twentytwentyone-child\footer.php on line 61
[18-Nov-2024 07:47:42 UTC] PHP Warning:  Attempt to read property "name" on null in D:\localsites\motaphoto\app\public\wp-content\themes\twentytwentyone-child\footer.php on line 61
[18-Nov-2024 07:49:57 UTC] PHP Warning:  Undefined variable $term in D:\localsites\motaphoto\app\public\wp-content\themes\twentytwentyone-child\footer.php on line 61
[18-Nov-2024 07:49:57 UTC] PHP Warning:  Attempt to read property "name" on null in D:\localsites\motaphoto\app\public\wp-content\themes\twentytwentyone-child\footer.php on line 61
[18-Nov-2024 07:51:28 UTC] PHP Warning:  Undefined variable $term in D:\localsites\motaphoto\app\public\wp-content\themes\twentytwentyone-child\footer.php on line 61
[18-Nov-2024 07:51:28 UTC] PHP Warning:  Attempt to read property "name" on null in D:\localsites\motaphoto\app\public\wp-content\themes\twentytwentyone-child\footer.php on line 61
[18-Nov-2024 07:51:31 UTC] PHP Warning:  Undefined variable $term in D:\localsites\motaphoto\app\public\wp-content\themes\twentytwentyone-child\footer.php on line 61
[18-Nov-2024 07:51:31 UTC] PHP Warning:  Attempt to read property "name" on null in D:\localsites\motaphoto\app\public\wp-content\themes\twentytwentyone-child\footer.php on line 61
[18-Nov-2024 07:51:36 UTC] PHP Warning:  Undefined variable $term in D:\localsites\motaphoto\app\public\wp-content\themes\twentytwentyone-child\footer.php on line 61
[18-Nov-2024 07:51:36 UTC] PHP Warning:  Attempt to read property "name" on null in D:\localsites\motaphoto\app\public\wp-content\themes\twentytwentyone-child\footer.php on line 61
[18-Nov-2024 07:51:38 UTC] PHP Warning:  Undefined variable $term in D:\localsites\motaphoto\app\public\wp-content\themes\twentytwentyone-child\footer.php on line 61
[18-Nov-2024 07:51:38 UTC] PHP Warning:  Attempt to read property "name" on null in D:\localsites\motaphoto\app\public\wp-content\themes\twentytwentyone-child\footer.php on line 61
[18-Nov-2024 07:52:21 UTC] PHP Warning:  Undefined variable $term in D:\localsites\motaphoto\app\public\wp-content\themes\twentytwentyone-child\footer.php on line 61
[18-Nov-2024 07:52:21 UTC] PHP Warning:  Attempt to read property "name" on null in D:\localsites\motaphoto\app\public\wp-content\themes\twentytwentyone-child\footer.php on line 61
[18-Nov-2024 07:53:25 UTC] PHP Warning:  Undefined variable $term in D:\localsites\motaphoto\app\public\wp-content\themes\twentytwentyone-child\footer.php on line 61
[18-Nov-2024 07:53:25 UTC] PHP Warning:  Attempt to read property "name" on null in D:\localsites\motaphoto\app\public\wp-content\themes\twentytwentyone-child\footer.php on line 61
[18-Nov-2024 07:54:02 UTC] PHP Warning:  Undefined variable $term in D:\localsites\motaphoto\app\public\wp-content\themes\twentytwentyone-child\footer.php on line 61
[18-Nov-2024 07:54:02 UTC] PHP Warning:  Attempt to read property "name" on null in D:\localsites\motaphoto\app\public\wp-content\themes\twentytwentyone-child\footer.php on line 61
[18-Nov-2024 08:08:45 UTC] PHP Warning:  Undefined variable $term in D:\localsites\motaphoto\app\public\wp-content\themes\twentytwentyone-child\footer.php on line 62
[18-Nov-2024 08:08:45 UTC] PHP Warning:  Attempt to read property "name" on null in D:\localsites\motaphoto\app\public\wp-content\themes\twentytwentyone-child\footer.php on line 62
[18-Nov-2024 08:17:22 UTC] PHP Warning:  Undefined variable $term in D:\localsites\motaphoto\app\public\wp-content\themes\twentytwentyone-child\footer.php on line 62
[18-Nov-2024 08:17:22 UTC] PHP Warning:  Attempt to read property "name" on null in D:\localsites\motaphoto\app\public\wp-content\themes\twentytwentyone-child\footer.php on line 62
[18-Nov-2024 08:19:44 UTC] PHP Warning:  Undefined variable $term in D:\localsites\motaphoto\app\public\wp-content\themes\twentytwentyone-child\footer.php on line 62
[18-Nov-2024 08:19:44 UTC] PHP Warning:  Attempt to read property "name" on null in D:\localsites\motaphoto\app\public\wp-content\themes\twentytwentyone-child\footer.php on line 62
[18-Nov-2024 08:20:53 UTC] PHP Warning:  Undefined variable $term in D:\localsites\motaphoto\app\public\wp-content\themes\twentytwentyone-child\footer.php on line 62
[18-Nov-2024 08:20:53 UTC] PHP Warning:  Attempt to read property "name" on null in D:\localsites\motaphoto\app\public\wp-content\themes\twentytwentyone-child\footer.php on line 62
[18-Nov-2024 08:20:55 UTC] PHP Warning:  Undefined variable $term in D:\localsites\motaphoto\app\public\wp-content\themes\twentytwentyone-child\footer.php on line 62
[18-Nov-2024 08:20:55 UTC] PHP Warning:  Attempt to read property "name" on null in D:\localsites\motaphoto\app\public\wp-content\themes\twentytwentyone-child\footer.php on line 62
[18-Nov-2024 08:26:07 UTC] PHP Warning:  Undefined variable $term in D:\localsites\motaphoto\app\public\wp-content\themes\twentytwentyone-child\footer.php on line 62
[18-Nov-2024 08:26:07 UTC] PHP Warning:  Attempt to read property "name" on null in D:\localsites\motaphoto\app\public\wp-content\themes\twentytwentyone-child\footer.php on line 62
[18-Nov-2024 08:35:47 UTC] PHP Warning:  Undefined variable $term in D:\localsites\motaphoto\app\public\wp-content\themes\twentytwentyone-child\footer.php on line 62
[18-Nov-2024 08:35:47 UTC] PHP Warning:  Attempt to read property "name" on null in D:\localsites\motaphoto\app\public\wp-content\themes\twentytwentyone-child\footer.php on line 62
[18-Nov-2024 08:38:02 UTC] PHP Warning:  Undefined variable $term in D:\localsites\motaphoto\app\public\wp-content\themes\twentytwentyone-child\footer.php on line 62
[18-Nov-2024 08:38:02 UTC] PHP Warning:  Attempt to read property "name" on null in D:\localsites\motaphoto\app\public\wp-content\themes\twentytwentyone-child\footer.php on line 62
[18-Nov-2024 08:38:49 UTC] PHP Warning:  Undefined variable $term in D:\localsites\motaphoto\app\public\wp-content\themes\twentytwentyone-child\footer.php on line 62
[18-Nov-2024 08:38:49 UTC] PHP Warning:  Attempt to read property "name" on null in D:\localsites\motaphoto\app\public\wp-content\themes\twentytwentyone-child\footer.php on line 62
[18-Nov-2024 08:40:18 UTC] PHP Warning:  Undefined variable $term in D:\localsites\motaphoto\app\public\wp-content\themes\twentytwentyone-child\footer.php on line 62
[18-Nov-2024 08:40:18 UTC] PHP Warning:  Attempt to read property "name" on null in D:\localsites\motaphoto\app\public\wp-content\themes\twentytwentyone-child\footer.php on line 62
[18-Nov-2024 08:40:45 UTC] PHP Warning:  Undefined variable $term in D:\localsites\motaphoto\app\public\wp-content\themes\twentytwentyone-child\footer.php on line 62
[18-Nov-2024 08:40:45 UTC] PHP Warning:  Attempt to read property "name" on null in D:\localsites\motaphoto\app\public\wp-content\themes\twentytwentyone-child\footer.php on line 62
[18-Nov-2024 08:40:47 UTC] PHP Warning:  Undefined variable $term in D:\localsites\motaphoto\app\public\wp-content\themes\twentytwentyone-child\footer.php on line 62
[18-Nov-2024 08:40:47 UTC] PHP Warning:  Attempt to read property "name" on null in D:\localsites\motaphoto\app\public\wp-content\themes\twentytwentyone-child\footer.php on line 62
[18-Nov-2024 08:40:54 UTC] PHP Warning:  Undefined variable $term in D:\localsites\motaphoto\app\public\wp-content\themes\twentytwentyone-child\footer.php on line 62
[18-Nov-2024 08:40:54 UTC] PHP Warning:  Attempt to read property "name" on null in D:\localsites\motaphoto\app\public\wp-content\themes\twentytwentyone-child\footer.php on line 62
[18-Nov-2024 08:40:57 UTC] PHP Warning:  Undefined variable $term in D:\localsites\motaphoto\app\public\wp-content\themes\twentytwentyone-child\footer.php on line 62
[18-Nov-2024 08:40:57 UTC] PHP Warning:  Attempt to read property "name" on null in D:\localsites\motaphoto\app\public\wp-content\themes\twentytwentyone-child\footer.php on line 62
[18-Nov-2024 08:41:03 UTC] PHP Warning:  Undefined variable $term in D:\localsites\motaphoto\app\public\wp-content\themes\twentytwentyone-child\footer.php on line 62
[18-Nov-2024 08:41:03 UTC] PHP Warning:  Attempt to read property "name" on null in D:\localsites\motaphoto\app\public\wp-content\themes\twentytwentyone-child\footer.php on line 62
[18-Nov-2024 08:41:08 UTC] PHP Warning:  Undefined variable $term in D:\localsites\motaphoto\app\public\wp-content\themes\twentytwentyone-child\footer.php on line 62
[18-Nov-2024 08:41:08 UTC] PHP Warning:  Attempt to read property "name" on null in D:\localsites\motaphoto\app\public\wp-content\themes\twentytwentyone-child\footer.php on line 62
[18-Nov-2024 08:42:08 UTC] PHP Warning:  Undefined variable $term in D:\localsites\motaphoto\app\public\wp-content\themes\twentytwentyone-child\footer.php on line 62
[18-Nov-2024 08:42:08 UTC] PHP Warning:  Attempt to read property "name" on null in D:\localsites\motaphoto\app\public\wp-content\themes\twentytwentyone-child\footer.php on line 62
[18-Nov-2024 08:43:34 UTC] PHP Warning:  Undefined variable $term in D:\localsites\motaphoto\app\public\wp-content\themes\twentytwentyone-child\footer.php on line 62
[18-Nov-2024 08:43:34 UTC] PHP Warning:  Attempt to read property "name" on null in D:\localsites\motaphoto\app\public\wp-content\themes\twentytwentyone-child\footer.php on line 62
[18-Nov-2024 08:43:49 UTC] PHP Warning:  Undefined variable $term in D:\localsites\motaphoto\app\public\wp-content\themes\twentytwentyone-child\footer.php on line 62
[18-Nov-2024 08:43:49 UTC] PHP Warning:  Attempt to read property "name" on null in D:\localsites\motaphoto\app\public\wp-content\themes\twentytwentyone-child\footer.php on line 62
[18-Nov-2024 08:44:04 UTC] PHP Warning:  Undefined variable $term in D:\localsites\motaphoto\app\public\wp-content\themes\twentytwentyone-child\footer.php on line 62
[18-Nov-2024 08:44:04 UTC] PHP Warning:  Attempt to read property "name" on null in D:\localsites\motaphoto\app\public\wp-content\themes\twentytwentyone-child\footer.php on line 62
[18-Nov-2024 08:44:13 UTC] PHP Warning:  Undefined variable $term in D:\localsites\motaphoto\app\public\wp-content\themes\twentytwentyone-child\footer.php on line 62
[18-Nov-2024 08:44:13 UTC] PHP Warning:  Attempt to read property "name" on null in D:\localsites\motaphoto\app\public\wp-content\themes\twentytwentyone-child\footer.php on line 62
[18-Nov-2024 08:44:14 UTC] PHP Warning:  Undefined variable $term in D:\localsites\motaphoto\app\public\wp-content\themes\twentytwentyone-child\footer.php on line 62
[18-Nov-2024 08:44:14 UTC] PHP Warning:  Attempt to read property "name" on null in D:\localsites\motaphoto\app\public\wp-content\themes\twentytwentyone-child\footer.php on line 62
[18-Nov-2024 08:44:18 UTC] PHP Warning:  Undefined variable $term in D:\localsites\motaphoto\app\public\wp-content\themes\twentytwentyone-child\footer.php on line 62
[18-Nov-2024 08:44:18 UTC] PHP Warning:  Attempt to read property "name" on null in D:\localsites\motaphoto\app\public\wp-content\themes\twentytwentyone-child\footer.php on line 62
[18-Nov-2024 08:44:26 UTC] PHP Warning:  Undefined variable $term in D:\localsites\motaphoto\app\public\wp-content\themes\twentytwentyone-child\footer.php on line 62
[18-Nov-2024 08:44:26 UTC] PHP Warning:  Attempt to read property "name" on null in D:\localsites\motaphoto\app\public\wp-content\themes\twentytwentyone-child\footer.php on line 62
[18-Nov-2024 08:45:05 UTC] PHP Warning:  Undefined variable $term in D:\localsites\motaphoto\app\public\wp-content\themes\twentytwentyone-child\footer.php on line 62
[18-Nov-2024 08:45:05 UTC] PHP Warning:  Attempt to read property "name" on null in D:\localsites\motaphoto\app\public\wp-content\themes\twentytwentyone-child\footer.php on line 62
[18-Nov-2024 08:45:46 UTC] PHP Warning:  Undefined variable $term in D:\localsites\motaphoto\app\public\wp-content\themes\twentytwentyone-child\footer.php on line 62
[18-Nov-2024 08:45:46 UTC] PHP Warning:  Attempt to read property "name" on null in D:\localsites\motaphoto\app\public\wp-content\themes\twentytwentyone-child\footer.php on line 62
[18-Nov-2024 08:46:01 UTC] PHP Warning:  Undefined variable $term in D:\localsites\motaphoto\app\public\wp-content\themes\twentytwentyone-child\footer.php on line 62
[18-Nov-2024 08:46:01 UTC] PHP Warning:  Attempt to read property "name" on null in D:\localsites\motaphoto\app\public\wp-content\themes\twentytwentyone-child\footer.php on line 62
[18-Nov-2024 08:49:04 UTC] PHP Warning:  Undefined variable $term in D:\localsites\motaphoto\app\public\wp-content\themes\twentytwentyone-child\footer.php on line 62
[18-Nov-2024 08:49:04 UTC] PHP Warning:  Attempt to read property "name" on null in D:\localsites\motaphoto\app\public\wp-content\themes\twentytwentyone-child\footer.php on line 62
[18-Nov-2024 08:49:20 UTC] PHP Warning:  Undefined variable $term in D:\localsites\motaphoto\app\public\wp-content\themes\twentytwentyone-child\footer.php on line 62
[18-Nov-2024 08:49:20 UTC] PHP Warning:  Attempt to read property "name" on null in D:\localsites\motaphoto\app\public\wp-content\themes\twentytwentyone-child\footer.php on line 62
[18-Nov-2024 08:50:21 UTC] PHP Warning:  Undefined variable $term in D:\localsites\motaphoto\app\public\wp-content\themes\twentytwentyone-child\footer.php on line 62
[18-Nov-2024 08:50:21 UTC] PHP Warning:  Attempt to read property "name" on null in D:\localsites\motaphoto\app\public\wp-content\themes\twentytwentyone-child\footer.php on line 62
[18-Nov-2024 08:52:21 UTC] PHP Warning:  Undefined variable $term in D:\localsites\motaphoto\app\public\wp-content\themes\twentytwentyone-child\footer.php on line 62
[18-Nov-2024 08:52:21 UTC] PHP Warning:  Attempt to read property "name" on null in D:\localsites\motaphoto\app\public\wp-content\themes\twentytwentyone-child\footer.php on line 62
[18-Nov-2024 08:53:16 UTC] PHP Warning:  Undefined variable $term in D:\localsites\motaphoto\app\public\wp-content\themes\twentytwentyone-child\footer.php on line 62
[18-Nov-2024 08:53:16 UTC] PHP Warning:  Attempt to read property "name" on null in D:\localsites\motaphoto\app\public\wp-content\themes\twentytwentyone-child\footer.php on line 62
[18-Nov-2024 08:53:43 UTC] PHP Warning:  Undefined variable $term in D:\localsites\motaphoto\app\public\wp-content\themes\twentytwentyone-child\footer.php on line 62
[18-Nov-2024 08:53:43 UTC] PHP Warning:  Attempt to read property "name" on null in D:\localsites\motaphoto\app\public\wp-content\themes\twentytwentyone-child\footer.php on line 62
[18-Nov-2024 08:53:46 UTC] PHP Warning:  Undefined variable $term in D:\localsites\motaphoto\app\public\wp-content\themes\twentytwentyone-child\footer.php on line 62
[18-Nov-2024 08:53:46 UTC] PHP Warning:  Attempt to read property "name" on null in D:\localsites\motaphoto\app\public\wp-content\themes\twentytwentyone-child\footer.php on line 62
[18-Nov-2024 08:58:44 UTC] PHP Warning:  Undefined variable $term in D:\localsites\motaphoto\app\public\wp-content\themes\twentytwentyone-child\footer.php on line 62
[18-Nov-2024 08:58:44 UTC] PHP Warning:  Attempt to read property "name" on null in D:\localsites\motaphoto\app\public\wp-content\themes\twentytwentyone-child\footer.php on line 62
[18-Nov-2024 08:58:44 UTC] PHP Warning:  Undefined variable $term in D:\localsites\motaphoto\app\public\wp-content\themes\twentytwentyone-child\footer.php on line 62
[18-Nov-2024 08:58:44 UTC] PHP Warning:  Attempt to read property "name" on null in D:\localsites\motaphoto\app\public\wp-content\themes\twentytwentyone-child\footer.php on line 62
[18-Nov-2024 09:02:31 UTC] PHP Warning:  Undefined variable $term in D:\localsites\motaphoto\app\public\wp-content\themes\twentytwentyone-child\footer.php on line 62
[18-Nov-2024 09:02:31 UTC] PHP Warning:  Attempt to read property "name" on null in D:\localsites\motaphoto\app\public\wp-content\themes\twentytwentyone-child\footer.php on line 62
[22-Nov-2024 08:55:02 UTC] PHP Warning:  include(D:\localsites\motaphoto\app\public/wp-content/themes/twentytwentyone-child/template-parts/header/site-header.php): Failed to open stream: No such file or directory in D:\localsites\motaphoto\app\public\wp-content\themes\twentytwentyone-child\header.php on line 35
[22-Nov-2024 08:55:02 UTC] PHP Warning:  include(): Failed opening 'D:\localsites\motaphoto\app\public/wp-content/themes/twentytwentyone-child/template-parts/header/site-header.php' for inclusion (include_path='.:/usr/share/php:/www/wp-content/pear') in D:\localsites\motaphoto\app\public\wp-content\themes\twentytwentyone-child\header.php on line 35
[22-Nov-2024 08:56:14 UTC] PHP Warning:  include(D:\localsites\motaphoto\app\public/wp-content/themes/twentytwentyone-child/template-parts/header/header.php): Failed to open stream: No such file or directory in D:\localsites\motaphoto\app\public\wp-content\themes\twentytwentyone-child\header.php on line 35
[22-Nov-2024 08:56:14 UTC] PHP Warning:  include(): Failed opening 'D:\localsites\motaphoto\app\public/wp-content/themes/twentytwentyone-child/template-parts/header/header.php' for inclusion (include_path='.:/usr/share/php:/www/wp-content/pear') in D:\localsites\motaphoto\app\public\wp-content\themes\twentytwentyone-child\header.php on line 35
[22-Nov-2024 08:57:25 UTC] PHP Warning:  include(D:\localsites\motaphoto\app\public/wp-content/themes/twentytwentyone-child/template-parts/header/site-header.php): Failed to open stream: No such file or directory in D:\localsites\motaphoto\app\public\wp-content\themes\twentytwentyone-child\header.php on line 35
[22-Nov-2024 08:57:25 UTC] PHP Warning:  include(): Failed opening 'D:\localsites\motaphoto\app\public/wp-content/themes/twentytwentyone-child/template-parts/header/site-header.php' for inclusion (include_path='.:/usr/share/php:/www/wp-content/pear') in D:\localsites\motaphoto\app\public\wp-content\themes\twentytwentyone-child\header.php on line 35
[22-Nov-2024 09:00:58 UTC] PHP Warning:  include(D:\localsites\motaphoto\app\public/wp-content/themes/twentytwentyone-child/template-parts/header/site-header.php): Failed to open stream: No such file or directory in D:\localsites\motaphoto\app\public\wp-content\themes\twentytwentyone-child\header.php on line 35
[22-Nov-2024 09:00:58 UTC] PHP Warning:  include(): Failed opening 'D:\localsites\motaphoto\app\public/wp-content/themes/twentytwentyone-child/template-parts/header/site-header.php' for inclusion (include_path='.:/usr/share/php:/www/wp-content/pear') in D:\localsites\motaphoto\app\public\wp-content\themes\twentytwentyone-child\header.php on line 35
